This is pdfTeX, Version 3.14159265-2.6-1.40.20 (MiKTeX 2.9.7050 64-bit) (preloaded format=pdflatex 2019.7.9)  9 JUL 2019 20:22
entering extended mode
**./pgfplotstable.tex
(pgfplotstable.tex
LaTeX2e <2018-12-01>
("C:\Users\Claudiu\AppData\Local\Programs\MiKTeX 2.9\tex/latex/base\article.cls
"
Document Class: article 2018/09/03 v1.4i Standard LaTeX document class
("C:\Users\Claudiu\AppData\Local\Programs\MiKTeX 2.9\tex/latex/base\size10.clo"
File: size10.clo 2018/09/03 v1.4i Standard LaTeX file (size option)
)
\c@part=\count80
\c@section=\count81
\c@subsection=\count82
\c@subsubsection=\count83
\c@paragraph=\count84
\c@subparagraph=\count85
\c@figure=\count86
\c@table=\count87
\abovecaptionskip=\skip41
\belowcaptionskip=\skip42
\bibindent=\dimen102
)
("C:\Users\Claudiu\AppData\Local\Programs\MiKTeX 2.9\tex/latex/booktabs\booktab
s.sty"
Package: booktabs 2005/04/14 v1.61803 publication quality tables
\heavyrulewidth=\dimen103
\lightrulewidth=\dimen104
\cmidrulewidth=\dimen105
\belowrulesep=\dimen106
\belowbottomsep=\dimen107
\aboverulesep=\dimen108
\abovetopsep=\dimen109
\cmidrulesep=\dimen110
\cmidrulekern=\dimen111
\defaultaddspace=\dimen112
\@cmidla=\count88
\@cmidlb=\count89
\@aboverulesep=\dimen113
\@belowrulesep=\dimen114
\@thisruleclass=\count90
\@lastruleclass=\count91
\@thisrulewidth=\dimen115
)
("C:\Users\Claudiu\AppData\Local\Programs\MiKTeX 2.9\tex/latex/pgfplots\pgfplot
stable.sty"
("C:\Users\Claudiu\AppData\Local\Programs\MiKTeX 2.9\tex/generic/pgfplots\pgfpl
ots.revision.tex")
Package: pgfplotstable 2018/03/28 v1.16 Table typesetting and Pretty-printing (
1.16)

("C:\Users\Claudiu\AppData\Local\Programs\MiKTeX 2.9\tex/latex/pgfplots\pgfplot
s.sty"
("C:\Users\Claudiu\AppData\Local\Programs\MiKTeX 2.9\tex/generic/pgfplots\pgfpl
ots.revision.tex")
Package: pgfplots 2018/03/28 v1.16 Data Visualization (1.16)

("C:\Users\Claudiu\AppData\Local\Programs\MiKTeX 2.9\tex/latex/graphics\graphic
x.sty"
Package: graphicx 2017/06/01 v1.1a Enhanced LaTeX Graphics (DPC,SPQR)

("C:\Users\Claudiu\AppData\Local\Programs\MiKTeX 2.9\tex/latex/graphics\keyval.
sty"
Package: keyval 2014/10/28 v1.15 key=value parser (DPC)
\KV@toks@=\toks14
)
("C:\Users\Claudiu\AppData\Local\Programs\MiKTeX 2.9\tex/latex/graphics\graphic
s.sty"
Package: graphics 2017/06/25 v1.2c Standard LaTeX Graphics (DPC,SPQR)

("C:\Users\Claudiu\AppData\Local\Programs\MiKTeX 2.9\tex/latex/graphics\trig.st
y"
Package: trig 2016/01/03 v1.10 sin cos tan (DPC)
)
("C:\Users\Claudiu\AppData\Local\Programs\MiKTeX 2.9\tex/latex/graphics-cfg\gra
phics.cfg"
File: graphics.cfg 2016/06/04 v1.11 sample graphics configuration
)
Package graphics Info: Driver file: pdftex.def on input line 99.

("C:\Users\Claudiu\AppData\Local\Programs\MiKTeX 2.9\tex/latex/graphics-def\pdf
tex.def"
File: pdftex.def 2018/01/08 v1.0l Graphics/color driver for pdftex
))
\Gin@req@height=\dimen116
\Gin@req@width=\dimen117
)
("C:\Users\Claudiu\AppData\Local\Programs\MiKTeX 2.9\tex/latex/pgf/frontendlaye
r\tikz.sty"
("C:\Users\Claudiu\AppData\Local\Programs\MiKTeX 2.9\tex/latex/pgf/basiclayer\p
gf.sty"
("C:\Users\Claudiu\AppData\Local\Programs\MiKTeX 2.9\tex/latex/pgf/utilities\pg
frcs.sty"
("C:\Users\Claudiu\AppData\Local\Programs\MiKTeX 2.9\tex/generic/pgf/utilities\
pgfutil-common.tex"
\pgfutil@everybye=\toks15
\pgfutil@tempdima=\dimen118
\pgfutil@tempdimb=\dimen119

("C:\Users\Claudiu\AppData\Local\Programs\MiKTeX 2.9\tex/generic/pgf/utilities\
pgfutil-common-lists.tex"))
("C:\Users\Claudiu\AppData\Local\Programs\MiKTeX 2.9\tex/generic/pgf/utilities\
pgfutil-latex.def"
\pgfutil@abb=\box27

("C:\Users\Claudiu\AppData\Local\Programs\MiKTeX 2.9\tex/latex/ms\everyshi.sty"
Package: everyshi 2001/05/15 v3.00 EveryShipout Package (MS)
))
("C:\Users\Claudiu\AppData\Local\Programs\MiKTeX 2.9\tex/generic/pgf/utilities\
pgfrcs.code.tex"
("C:\Users\Claudiu\AppData\Local\Programs\MiKTeX 2.9\tex/generic/pgf\pgf.revisi
on.tex")
Package: pgfrcs 2019/05/09 v3.1.3 (3.1.3)
))
Package: pgf 2019/05/09 v3.1.3 (3.1.3)

("C:\Users\Claudiu\AppData\Local\Programs\MiKTeX 2.9\tex/latex/pgf/basiclayer\p
gfcore.sty"
("C:\Users\Claudiu\AppData\Local\Programs\MiKTeX 2.9\tex/latex/pgf/systemlayer\
pgfsys.sty"
("C:\Users\Claudiu\AppData\Local\Programs\MiKTeX 2.9\tex/generic/pgf/systemlaye
r\pgfsys.code.tex"
Package: pgfsys 2019/05/09 v3.1.3 (3.1.3)

("C:\Users\Claudiu\AppData\Local\Programs\MiKTeX 2.9\tex/generic/pgf/utilities\
pgfkeys.code.tex"
\pgfkeys@pathtoks=\toks16
\pgfkeys@temptoks=\toks17

("C:\Users\Claudiu\AppData\Local\Programs\MiKTeX 2.9\tex/generic/pgf/utilities\
pgfkeysfiltered.code.tex"
\pgfkeys@tmptoks=\toks18
))
\pgf@x=\dimen120
\pgf@y=\dimen121
\pgf@xa=\dimen122
\pgf@ya=\dimen123
\pgf@xb=\dimen124
\pgf@yb=\dimen125
\pgf@xc=\dimen126
\pgf@yc=\dimen127
\pgf@xd=\dimen128
\pgf@yd=\dimen129
\w@pgf@writea=\write3
\r@pgf@reada=\read1
\c@pgf@counta=\count92
\c@pgf@countb=\count93
\c@pgf@countc=\count94
\c@pgf@countd=\count95
\t@pgf@toka=\toks19
\t@pgf@tokb=\toks20
\t@pgf@tokc=\toks21
\pgf@sys@id@count=\count96

("C:\Users\Claudiu\AppData\Local\Programs\MiKTeX 2.9\tex/generic/pgf/systemlaye
r\pgf.cfg"
File: pgf.cfg 2019/05/09 v3.1.3 (3.1.3)
)
Driver file for pgf: pgfsys-pdftex.def

("C:\Users\Claudiu\AppData\Local\Programs\MiKTeX 2.9\tex/generic/pgf/systemlaye
r\pgfsys-pdftex.def"
File: pgfsys-pdftex.def 2019/05/09 v3.1.3 (3.1.3)

("C:\Users\Claudiu\AppData\Local\Programs\MiKTeX 2.9\tex/generic/pgf/systemlaye
r\pgfsys-common-pdf.def"
File: pgfsys-common-pdf.def 2019/05/09 v3.1.3 (3.1.3)
)))
("C:\Users\Claudiu\AppData\Local\Programs\MiKTeX 2.9\tex/generic/pgf/systemlaye
r\pgfsyssoftpath.code.tex"
File: pgfsyssoftpath.code.tex 2019/05/09 v3.1.3 (3.1.3)
\pgfsyssoftpath@smallbuffer@items=\count97
\pgfsyssoftpath@bigbuffer@items=\count98
)
("C:\Users\Claudiu\AppData\Local\Programs\MiKTeX 2.9\tex/generic/pgf/systemlaye
r\pgfsysprotocol.code.tex"
File: pgfsysprotocol.code.tex 2019/05/09 v3.1.3 (3.1.3)
))
("C:\Users\Claudiu\AppData\Local\Programs\MiKTeX 2.9\tex/latex/xcolor\xcolor.st
y"
Package: xcolor 2016/05/11 v2.12 LaTeX color extensions (UK)

("C:\Users\Claudiu\AppData\Local\Programs\MiKTeX 2.9\tex/latex/graphics-cfg\col
or.cfg"
File: color.cfg 2016/01/02 v1.6 sample color configuration
)
Package xcolor Info: Driver file: pdftex.def on input line 225.
Package xcolor Info: Model `cmy' substituted by `cmy0' on input line 1348.
Package xcolor Info: Model `hsb' substituted by `rgb' on input line 1352.
Package xcolor Info: Model `RGB' extended on input line 1364.
Package xcolor Info: Model `HTML' substituted by `rgb' on input line 1366.
Package xcolor Info: Model `Hsb' substituted by `hsb' on input line 1367.
Package xcolor Info: Model `tHsb' substituted by `hsb' on input line 1368.
Package xcolor Info: Model `HSB' substituted by `hsb' on input line 1369.
Package xcolor Info: Model `Gray' substituted by `gray' on input line 1370.
Package xcolor Info: Model `wave' substituted by `hsb' on input line 1371.
)
("C:\Users\Claudiu\AppData\Local\Programs\MiKTeX 2.9\tex/generic/pgf/basiclayer
\pgfcore.code.tex"
Package: pgfcore 2019/05/09 v3.1.3 (3.1.3)

("C:\Users\Claudiu\AppData\Local\Programs\MiKTeX 2.9\tex/generic/pgf/math\pgfma
th.code.tex"
("C:\Users\Claudiu\AppData\Local\Programs\MiKTeX 2.9\tex/generic/pgf/math\pgfma
thcalc.code.tex"
("C:\Users\Claudiu\AppData\Local\Programs\MiKTeX 2.9\tex/generic/pgf/math\pgfma
thutil.code.tex")
("C:\Users\Claudiu\AppData\Local\Programs\MiKTeX 2.9\tex/generic/pgf/math\pgfma
thparser.code.tex"
\pgfmath@dimen=\dimen130
\pgfmath@count=\count99
\pgfmath@box=\box28
\pgfmath@toks=\toks22
\pgfmath@stack@operand=\toks23
\pgfmath@stack@operation=\toks24
)
("C:\Users\Claudiu\AppData\Local\Programs\MiKTeX 2.9\tex/generic/pgf/math\pgfma
thfunctions.code.tex"
("C:\Users\Claudiu\AppData\Local\Programs\MiKTeX 2.9\tex/generic/pgf/math\pgfma
thfunctions.basic.code.tex")
("C:\Users\Claudiu\AppData\Local\Programs\MiKTeX 2.9\tex/generic/pgf/math\pgfma
thfunctions.trigonometric.code.tex")
("C:\Users\Claudiu\AppData\Local\Programs\MiKTeX 2.9\tex/generic/pgf/math\pgfma
thfunctions.random.code.tex")
("C:\Users\Claudiu\AppData\Local\Programs\MiKTeX 2.9\tex/generic/pgf/math\pgfma
thfunctions.comparison.code.tex")
("C:\Users\Claudiu\AppData\Local\Programs\MiKTeX 2.9\tex/generic/pgf/math\pgfma
thfunctions.base.code.tex")
("C:\Users\Claudiu\AppData\Local\Programs\MiKTeX 2.9\tex/generic/pgf/math\pgfma
thfunctions.round.code.tex")
("C:\Users\Claudiu\AppData\Local\Programs\MiKTeX 2.9\tex/generic/pgf/math\pgfma
thfunctions.misc.code.tex")
("C:\Users\Claudiu\AppData\Local\Programs\MiKTeX 2.9\tex/generic/pgf/math\pgfma
thfunctions.integerarithmetics.code.tex")))
("C:\Users\Claudiu\AppData\Local\Programs\MiKTeX 2.9\tex/generic/pgf/math\pgfma
thfloat.code.tex"
\c@pgfmathroundto@lastzeros=\count100
))
("C:\Users\Claudiu\AppData\Local\Programs\MiKTeX 2.9\tex/generic/pgf/math\pgfin
t.code.tex")
("C:\Users\Claudiu\AppData\Local\Programs\MiKTeX 2.9\tex/generic/pgf/basiclayer
\pgfcorepoints.code.tex"
File: pgfcorepoints.code.tex 2019/05/09 v3.1.3 (3.1.3)
\pgf@picminx=\dimen131
\pgf@picmaxx=\dimen132
\pgf@picminy=\dimen133
\pgf@picmaxy=\dimen134
\pgf@pathminx=\dimen135
\pgf@pathmaxx=\dimen136
\pgf@pathminy=\dimen137
\pgf@pathmaxy=\dimen138
\pgf@xx=\dimen139
\pgf@xy=\dimen140
\pgf@yx=\dimen141
\pgf@yy=\dimen142
\pgf@zx=\dimen143
\pgf@zy=\dimen144
)
("C:\Users\Claudiu\AppData\Local\Programs\MiKTeX 2.9\tex/generic/pgf/basiclayer
\pgfcorepathconstruct.code.tex"
File: pgfcorepathconstruct.code.tex 2019/05/09 v3.1.3 (3.1.3)
\pgf@path@lastx=\dimen145
\pgf@path@lasty=\dimen146
)
("C:\Users\Claudiu\AppData\Local\Programs\MiKTeX 2.9\tex/generic/pgf/basiclayer
\pgfcorepathusage.code.tex"
File: pgfcorepathusage.code.tex 2019/05/09 v3.1.3 (3.1.3)
\pgf@shorten@end@additional=\dimen147
\pgf@shorten@start@additional=\dimen148
)
("C:\Users\Claudiu\AppData\Local\Programs\MiKTeX 2.9\tex/generic/pgf/basiclayer
\pgfcorescopes.code.tex"
File: pgfcorescopes.code.tex 2019/05/09 v3.1.3 (3.1.3)
\pgfpic=\box29
\pgf@hbox=\box30
\pgf@layerbox@main=\box31
\pgf@picture@serial@count=\count101
)
("C:\Users\Claudiu\AppData\Local\Programs\MiKTeX 2.9\tex/generic/pgf/basiclayer
\pgfcoregraphicstate.code.tex"
File: pgfcoregraphicstate.code.tex 2019/05/09 v3.1.3 (3.1.3)
\pgflinewidth=\dimen149
)
("C:\Users\Claudiu\AppData\Local\Programs\MiKTeX 2.9\tex/generic/pgf/basiclayer
\pgfcoretransformations.code.tex"
File: pgfcoretransformations.code.tex 2019/05/09 v3.1.3 (3.1.3)
\pgf@pt@x=\dimen150
\pgf@pt@y=\dimen151
\pgf@pt@temp=\dimen152
)
("C:\Users\Claudiu\AppData\Local\Programs\MiKTeX 2.9\tex/generic/pgf/basiclayer
\pgfcorequick.code.tex"
File: pgfcorequick.code.tex 2019/05/09 v3.1.3 (3.1.3)
)
("C:\Users\Claudiu\AppData\Local\Programs\MiKTeX 2.9\tex/generic/pgf/basiclayer
\pgfcoreobjects.code.tex"
File: pgfcoreobjects.code.tex 2019/05/09 v3.1.3 (3.1.3)
)
("C:\Users\Claudiu\AppData\Local\Programs\MiKTeX 2.9\tex/generic/pgf/basiclayer
\pgfcorepathprocessing.code.tex"
File: pgfcorepathprocessing.code.tex 2019/05/09 v3.1.3 (3.1.3)
)
("C:\Users\Claudiu\AppData\Local\Programs\MiKTeX 2.9\tex/generic/pgf/basiclayer
\pgfcorearrows.code.tex"
File: pgfcorearrows.code.tex 2019/05/09 v3.1.3 (3.1.3)
\pgfarrowsep=\dimen153
)
("C:\Users\Claudiu\AppData\Local\Programs\MiKTeX 2.9\tex/generic/pgf/basiclayer
\pgfcoreshade.code.tex"
File: pgfcoreshade.code.tex 2019/05/09 v3.1.3 (3.1.3)
\pgf@max=\dimen154
\pgf@sys@shading@range@num=\count102
\pgf@shadingcount=\count103
)
("C:\Users\Claudiu\AppData\Local\Programs\MiKTeX 2.9\tex/generic/pgf/basiclayer
\pgfcoreimage.code.tex"
File: pgfcoreimage.code.tex 2019/05/09 v3.1.3 (3.1.3)

("C:\Users\Claudiu\AppData\Local\Programs\MiKTeX 2.9\tex/generic/pgf/basiclayer
\pgfcoreexternal.code.tex"
File: pgfcoreexternal.code.tex 2019/05/09 v3.1.3 (3.1.3)
\pgfexternal@startupbox=\box32
))
("C:\Users\Claudiu\AppData\Local\Programs\MiKTeX 2.9\tex/generic/pgf/basiclayer
\pgfcorelayers.code.tex"
File: pgfcorelayers.code.tex 2019/05/09 v3.1.3 (3.1.3)
)
("C:\Users\Claudiu\AppData\Local\Programs\MiKTeX 2.9\tex/generic/pgf/basiclayer
\pgfcoretransparency.code.tex"
File: pgfcoretransparency.code.tex 2019/05/09 v3.1.3 (3.1.3)
)
("C:\Users\Claudiu\AppData\Local\Programs\MiKTeX 2.9\tex/generic/pgf/basiclayer
\pgfcorepatterns.code.tex"
File: pgfcorepatterns.code.tex 2019/05/09 v3.1.3 (3.1.3)
)
("C:\Users\Claudiu\AppData\Local\Programs\MiKTeX 2.9\tex/generic/pgf/basiclayer
\pgfcorerdf.code.tex"
File: pgfcorerdf.code.tex 2019/05/09 v3.1.3 (3.1.3)
)))
("C:\Users\Claudiu\AppData\Local\Programs\MiKTeX 2.9\tex/generic/pgf/modules\pg
fmoduleshapes.code.tex"
File: pgfmoduleshapes.code.tex 2019/05/09 v3.1.3 (3.1.3)
\pgfnodeparttextbox=\box33
)
("C:\Users\Claudiu\AppData\Local\Programs\MiKTeX 2.9\tex/generic/pgf/modules\pg
fmoduleplot.code.tex"
File: pgfmoduleplot.code.tex 2019/05/09 v3.1.3 (3.1.3)
)
("C:\Users\Claudiu\AppData\Local\Programs\MiKTeX 2.9\tex/latex/pgf/compatibilit
y\pgfcomp-version-0-65.sty"
Package: pgfcomp-version-0-65 2019/05/09 v3.1.3 (3.1.3)
\pgf@nodesepstart=\dimen155
\pgf@nodesepend=\dimen156
)
("C:\Users\Claudiu\AppData\Local\Programs\MiKTeX 2.9\tex/latex/pgf/compatibilit
y\pgfcomp-version-1-18.sty"
Package: pgfcomp-version-1-18 2019/05/09 v3.1.3 (3.1.3)
))
("C:\Users\Claudiu\AppData\Local\Programs\MiKTeX 2.9\tex/latex/pgf/utilities\pg
ffor.sty"
("C:\Users\Claudiu\AppData\Local\Programs\MiKTeX 2.9\tex/latex/pgf/utilities\pg
fkeys.sty"
("C:\Users\Claudiu\AppData\Local\Programs\MiKTeX 2.9\tex/generic/pgf/utilities\
pgfkeys.code.tex"))
("C:\Users\Claudiu\AppData\Local\Programs\MiKTeX 2.9\tex/latex/pgf/math\pgfmath
.sty"
("C:\Users\Claudiu\AppData\Local\Programs\MiKTeX 2.9\tex/generic/pgf/math\pgfma
th.code.tex"))
("C:\Users\Claudiu\AppData\Local\Programs\MiKTeX 2.9\tex/generic/pgf/utilities\
pgffor.code.tex"
Package: pgffor 2019/05/09 v3.1.3 (3.1.3)

("C:\Users\Claudiu\AppData\Local\Programs\MiKTeX 2.9\tex/generic/pgf/math\pgfma
th.code.tex")
\pgffor@iter=\dimen157
\pgffor@skip=\dimen158
\pgffor@stack=\toks25
\pgffor@toks=\toks26
))
("C:\Users\Claudiu\AppData\Local\Programs\MiKTeX 2.9\tex/generic/pgf/frontendla
yer/tikz\tikz.code.tex"
Package: tikz 2019/05/09 v3.1.3 (3.1.3)

("C:\Users\Claudiu\AppData\Local\Programs\MiKTeX 2.9\tex/generic/pgf/libraries\
pgflibraryplothandlers.code.tex"
File: pgflibraryplothandlers.code.tex 2019/05/09 v3.1.3 (3.1.3)
\pgf@plot@mark@count=\count104
\pgfplotmarksize=\dimen159
)
\tikz@lastx=\dimen160
\tikz@lasty=\dimen161
\tikz@lastxsaved=\dimen162
\tikz@lastysaved=\dimen163
\tikzleveldistance=\dimen164
\tikzsiblingdistance=\dimen165
\tikz@figbox=\box34
\tikz@figbox@bg=\box35
\tikz@tempbox=\box36
\tikz@tempbox@bg=\box37
\tikztreelevel=\count105
\tikznumberofchildren=\count106
\tikznumberofcurrentchild=\count107
\tikz@fig@count=\count108

("C:\Users\Claudiu\AppData\Local\Programs\MiKTeX 2.9\tex/generic/pgf/modules\pg
fmodulematrix.code.tex"
File: pgfmodulematrix.code.tex 2019/05/09 v3.1.3 (3.1.3)
\pgfmatrixcurrentrow=\count109
\pgfmatrixcurrentcolumn=\count110
\pgf@matrix@numberofcolumns=\count111
)
\tikz@expandcount=\count112

("C:\Users\Claudiu\AppData\Local\Programs\MiKTeX 2.9\tex/generic/pgf/frontendla
yer/tikz/libraries\tikzlibrarytopaths.code.tex"
File: tikzlibrarytopaths.code.tex 2019/05/09 v3.1.3 (3.1.3)
)))
("C:\Users\Claudiu\AppData\Local\Programs\MiKTeX 2.9\tex/generic/pgfplots\pgfpl
ots.code.tex"
("C:\Users\Claudiu\AppData\Local\Programs\MiKTeX 2.9\tex/generic/pgfplots\pgfpl
otscore.code.tex"
\t@pgfplots@toka=\toks27
\t@pgfplots@tokb=\toks28
\t@pgfplots@tokc=\toks29
\pgfplots@tmpa=\dimen166
\c@pgfplots@coordindex=\count113
\c@pgfplots@scanlineindex=\count114

("C:\Users\Claudiu\AppData\Local\Programs\MiKTeX 2.9\tex/generic/pgfplots/sys\p
gfplotssysgeneric.code.tex"))
("C:\Users\Claudiu\AppData\Local\Programs\MiKTeX 2.9\tex/generic/pgfplots/libs\
pgfplotslibrary.code.tex")
("C:\Users\Claudiu\AppData\Local\Programs\MiKTeX 2.9\tex/generic/pgfplots/oldpg
fcompatib\pgfplotsoldpgfsupp_loader.code.tex"
("C:\Users\Claudiu\AppData\Local\Programs\MiKTeX 2.9\tex/generic/pgf/libraries\
pgflibraryfpu.code.tex")
Package pgfplots: loading complementary arithmetics for your pgf version...

("C:\Users\Claudiu\AppData\Local\Programs\MiKTeX 2.9\tex/generic/pgfplots/oldpg
fcompatib\pgfplotsoldpgfsupp_pgflibraryfpu.code.tex")
("C:\Users\Claudiu\AppData\Local\Programs\MiKTeX 2.9\tex/generic/pgfplots/oldpg
fcompatib\pgfplotsoldpgfsupp_pgfmathfloat.code.tex"
\c@pgfmathroundto@lastzeros=\count115
))
("C:\Users\Claudiu\AppData\Local\Programs\MiKTeX 2.9\tex/generic/pgfplots/util\
pgfplotsutil.code.tex"
("C:\Users\Claudiu\AppData\Local\Programs\MiKTeX 2.9\tex/generic/pgfplots/lists
tructure\pgfplotsliststructure.code.tex")
("C:\Users\Claudiu\AppData\Local\Programs\MiKTeX 2.9\tex/generic/pgfplots/lists
tructure\pgfplotsliststructureext.code.tex")
("C:\Users\Claudiu\AppData\Local\Programs\MiKTeX 2.9\tex/generic/pgfplots/lists
tructure\pgfplotsarray.code.tex"
\c@pgfplotsarray@tmp=\count116
)
("C:\Users\Claudiu\AppData\Local\Programs\MiKTeX 2.9\tex/generic/pgfplots/lists
tructure\pgfplotsmatrix.code.tex")
("C:\Users\Claudiu\AppData\Local\Programs\MiKTeX 2.9\tex/generic/pgfplots/numta
ble\pgfplotstableshared.code.tex"
\c@pgfplotstable@counta=\count117
\t@pgfplotstable@a=\toks30
)
("C:\Users\Claudiu\AppData\Local\Programs\MiKTeX 2.9\tex/generic/pgfplots/lists
tructure\pgfplotsdeque.code.tex")
("C:\Users\Claudiu\AppData\Local\Programs\MiKTeX 2.9\tex/generic/pgfplots/util\
pgfplotsbinary.code.tex"
("C:\Users\Claudiu\AppData\Local\Programs\MiKTeX 2.9\tex/generic/pgfplots/util\
pgfplotsbinary.data.code.tex"))
("C:\Users\Claudiu\AppData\Local\Programs\MiKTeX 2.9\tex/generic/pgfplots/util\
pgfplotsutil.verb.code.tex")
("C:\Users\Claudiu\AppData\Local\Programs\MiKTeX 2.9\tex/generic/pgfplots/libs\
pgflibrarypgfplots.surfshading.code.tex"
\c@pgfplotslibrarysurf@no=\count118

("C:\Users\Claudiu\AppData\Local\Programs\MiKTeX 2.9\tex/generic/pgfplots/sys\p
gflibrarypgfplots.surfshading.pgfsys-pdftex.def")))
("C:\Users\Claudiu\AppData\Local\Programs\MiKTeX 2.9\tex/generic/pgfplots/util\
pgfplotscolormap.code.tex"
("C:\Users\Claudiu\AppData\Local\Programs\MiKTeX 2.9\tex/generic/pgfplots/util\
pgfplotscolor.code.tex"))
("C:\Users\Claudiu\AppData\Local\Programs\MiKTeX 2.9\tex/generic/pgfplots\pgfpl
otsstackedplots.code.tex")
("C:\Users\Claudiu\AppData\Local\Programs\MiKTeX 2.9\tex/generic/pgfplots\pgfpl
otsplothandlers.code.tex"
("C:\Users\Claudiu\AppData\Local\Programs\MiKTeX 2.9\tex/generic/pgfplots\pgfpl
otsmeshplothandler.code.tex"
("C:\Users\Claudiu\AppData\Local\Programs\MiKTeX 2.9\tex/generic/pgfplots\pgfpl
otsmeshplotimage.code.tex")))
("C:\Users\Claudiu\AppData\Local\Programs\MiKTeX 2.9\tex/generic/pgfplots\pgfpl
ots.scaling.code.tex")
("C:\Users\Claudiu\AppData\Local\Programs\MiKTeX 2.9\tex/generic/pgfplots\pgfpl
otscoordprocessing.code.tex")
("C:\Users\Claudiu\AppData\Local\Programs\MiKTeX 2.9\tex/generic/pgfplots\pgfpl
ots.errorbars.code.tex")
("C:\Users\Claudiu\AppData\Local\Programs\MiKTeX 2.9\tex/generic/pgfplots\pgfpl
ots.markers.code.tex")
("C:\Users\Claudiu\AppData\Local\Programs\MiKTeX 2.9\tex/generic/pgfplots\pgfpl
otsticks.code.tex")
("C:\Users\Claudiu\AppData\Local\Programs\MiKTeX 2.9\tex/generic/pgfplots\pgfpl
ots.paths.code.tex")
("C:\Users\Claudiu\AppData\Local\Programs\MiKTeX 2.9\tex/generic/pgf/frontendla
yer/tikz/libraries\tikzlibrarydecorations.code.tex"
("C:\Users\Claudiu\AppData\Local\Programs\MiKTeX 2.9\tex/generic/pgf/modules\pg
fmoduledecorations.code.tex"
\pgfdecoratedcompleteddistance=\dimen167
\pgfdecoratedremainingdistance=\dimen168
\pgfdecoratedinputsegmentcompleteddistance=\dimen169
\pgfdecoratedinputsegmentremainingdistance=\dimen170
\pgf@decorate@distancetomove=\dimen171
\pgf@decorate@repeatstate=\count119
\pgfdecorationsegmentamplitude=\dimen172
\pgfdecorationsegmentlength=\dimen173
)
\tikz@lib@dec@box=\box38
)
("C:\Users\Claudiu\AppData\Local\Programs\MiKTeX 2.9\tex/generic/pgf/frontendla
yer/tikz/libraries\tikzlibrarydecorations.pathmorphing.code.tex"
("C:\Users\Claudiu\AppData\Local\Programs\MiKTeX 2.9\tex/generic/pgf/libraries/
decorations\pgflibrarydecorations.pathmorphing.code.tex"))
("C:\Users\Claudiu\AppData\Local\Programs\MiKTeX 2.9\tex/generic/pgf/frontendla
yer/tikz/libraries\tikzlibrarydecorations.pathreplacing.code.tex"
("C:\Users\Claudiu\AppData\Local\Programs\MiKTeX 2.9\tex/generic/pgf/libraries/
decorations\pgflibrarydecorations.pathreplacing.code.tex"))
\pgfplots@numplots=\count120
\pgfplots@xmin@reg=\dimen174
\pgfplots@xmax@reg=\dimen175
\pgfplots@ymin@reg=\dimen176
\pgfplots@ymax@reg=\dimen177
\pgfplots@zmin@reg=\dimen178
\pgfplots@zmax@reg=\dimen179
)
("C:\Users\Claudiu\AppData\Local\Programs\MiKTeX 2.9\tex/generic/pgf/frontendla
yer/tikz/libraries\tikzlibraryplotmarks.code.tex"
File: tikzlibraryplotmarks.code.tex 2019/05/09 v3.1.3 (3.1.3)

("C:\Users\Claudiu\AppData\Local\Programs\MiKTeX 2.9\tex/generic/pgf/libraries\
pgflibraryplotmarks.code.tex"
File: pgflibraryplotmarks.code.tex 2019/05/09 v3.1.3 (3.1.3)
)))
("C:\Users\Claudiu\AppData\Local\Programs\MiKTeX 2.9\tex/generic/pgfplots/numta
ble\pgfplotstable.code.tex"
("C:\Users\Claudiu\AppData\Local\Programs\MiKTeX 2.9\tex/generic/pgfplots/numta
ble\pgfplotstable.coltype.code.tex"))
("C:\Users\Claudiu\AppData\Local\Programs\MiKTeX 2.9\tex/latex/tools\array.sty"
Package: array 2018/12/30 v2.4k Tabular extension package (FMi)
\col@sep=\dimen180
\ar@mcellbox=\box39
\extrarowheight=\dimen181
\NC@list=\toks31
\extratabsurround=\skip43
\backup@length=\skip44
\ar@cellbox=\box40
)) (pgfplotstable.aux)
\openout1 = `pgfplotstable.aux'.

LaTeX Font Info:    Checking defaults for OML/cmm/m/it on input line 7.
LaTeX Font Info:    ... okay on input line 7.
LaTeX Font Info:    Checking defaults for T1/cmr/m/n on input line 7.
LaTeX Font Info:    ... okay on input line 7.
LaTeX Font Info:    Checking defaults for OT1/cmr/m/n on input line 7.
LaTeX Font Info:    ... okay on input line 7.
LaTeX Font Info:    Checking defaults for OMS/cmsy/m/n on input line 7.
LaTeX Font Info:    ... okay on input line 7.
LaTeX Font Info:    Checking defaults for OMX/cmex/m/n on input line 7.
LaTeX Font Info:    ... okay on input line 7.
LaTeX Font Info:    Checking defaults for U/cmr/m/n on input line 7.
LaTeX Font Info:    ... okay on input line 7.

("C:\Users\Claudiu\AppData\Local\Programs\MiKTeX 2.9\tex/context/base/mkii\supp
-pdf.mkii"
[Loading MPS to PDF converter (version 2006.09.02).]
\scratchcounter=\count121
\scratchdimen=\dimen182
\scratchbox=\box41
\nofMPsegments=\count122
\nofMParguments=\count123
\everyMPshowfont=\toks32
\MPscratchCnt=\count124
\MPscratchDim=\dimen183
\MPnumerator=\count125
\makeMPintoPDFobject=\count126
\everyMPtoPDFconversion=\toks33
)
("C:\Users\Claudiu\AppData\Local\Programs\MiKTeX 2.9\tex/latex/oberdiek\epstopd
f-base.sty"
Package: epstopdf-base 2016/05/15 v2.6 Base part for package epstopdf

("C:\Users\Claudiu\AppData\Local\Programs\MiKTeX 2.9\tex/generic/oberdiek\infwa
rerr.sty"
Package: infwarerr 2016/05/16 v1.4 Providing info/warning/error messages (HO)
)
("C:\Users\Claudiu\AppData\Local\Programs\MiKTeX 2.9\tex/latex/oberdiek\grfext.
sty"
Package: grfext 2016/05/16 v1.2 Manage graphics extensions (HO)

("C:\Users\Claudiu\AppData\Local\Programs\MiKTeX 2.9\tex/generic/oberdiek\kvdef
inekeys.sty"
Package: kvdefinekeys 2016/05/16 v1.4 Define keys (HO)

("C:\Users\Claudiu\AppData\Local\Programs\MiKTeX 2.9\tex/generic/oberdiek\ltxcm
ds.sty"
Package: ltxcmds 2016/05/16 v1.23 LaTeX kernel commands for general use (HO)
)))
("C:\Users\Claudiu\AppData\Local\Programs\MiKTeX 2.9\tex/latex/oberdiek\kvoptio
ns.sty"
Package: kvoptions 2016/05/16 v3.12 Key value format for package options (HO)

("C:\Users\Claudiu\AppData\Local\Programs\MiKTeX 2.9\tex/generic/oberdiek\kvset
keys.sty"
Package: kvsetkeys 2016/05/16 v1.17 Key value parser (HO)

("C:\Users\Claudiu\AppData\Local\Programs\MiKTeX 2.9\tex/generic/oberdiek\etexc
mds.sty"
Package: etexcmds 2016/05/16 v1.6 Avoid name clashes with e-TeX commands (HO)

("C:\Users\Claudiu\AppData\Local\Programs\MiKTeX 2.9\tex/generic/oberdiek\iflua
tex.sty"
Package: ifluatex 2016/05/16 v1.4 Provides the ifluatex switch (HO)
Package ifluatex Info: LuaTeX not detected.
))))
("C:\Users\Claudiu\AppData\Local\Programs\MiKTeX 2.9\tex/generic/oberdiek\pdfte
xcmds.sty"
Package: pdftexcmds 2018/09/10 v0.29 Utility functions of pdfTeX for LuaTeX (HO
)

("C:\Users\Claudiu\AppData\Local\Programs\MiKTeX 2.9\tex/generic/oberdiek\ifpdf
.sty"
Package: ifpdf 2018/09/07 v3.3 Provides the ifpdf switch
)
Package pdftexcmds Info: LuaTeX not detected.
Package pdftexcmds Info: \pdf@primitive is available.
Package pdftexcmds Info: \pdf@ifprimitive is available.
Package pdftexcmds Info: \pdfdraftmode found.
)
Package epstopdf-base Info: Redefining graphics rule for `.eps' on input line 4
38.
Package grfext Info: Graphics extension search list:
(grfext)             [.pdf,.png,.jpg,.mps,.jpeg,.jbig2,.jb2,.PDF,.PNG,.JPG,.JPE
G,.JBIG2,.JB2,.eps]
(grfext)             \AppendGraphicsExtensions on input line 456.
) ABD: EveryShipout initializing macros

Package pgfplots Warning: running in backwards compatibility mode (unsuitable t
ick labels; missing features). Consider writing \pgfplotsset{compat=1.16} into 
your preamble.
 on input line 7.

PGFPlots: reading {table.csv}
LaTeX Font Info:    External font `cmex10' loaded for size
(Font)              <7> on input line 29.
LaTeX Font Info:    External font `cmex10' loaded for size
(Font)              <5> on input line 29.
[1

{C:/Users/Claudiu/AppData/Local/MiKTeX/2.9/pdftex/config/pdftex.map}]
(pgfplotstable.aux) ) 
Here is how much of TeX's memory you used:
 22083 strings out of 492895
 598539 string characters out of 3122802
 765898 words of memory out of 3000000
 25648 multiletter control sequences out of 15000+200000
 3640 words of font info for 14 fonts, out of 3000000 for 9000
 1141 hyphenation exceptions out of 8191
 69i,9n,98p,713b,609s stack positions out of 5000i,500n,10000p,200000b,50000s
<C:/Users/Claudiu/AppData/Local/Programs/MiKTeX 2.9/fonts/
type1/public/amsfonts/cm/cmmi10.pfb><C:/Users/Claudiu/AppData/Local/Programs/Mi
KTeX 2.9/fonts/type1/public/amsfonts/cm/cmr10.pfb>
Output written on pgfplotstable.pdf (1 page, 24959 bytes).
PDF statistics:
 17 PDF objects out of 1000 (max. 8388607)
 0 named destinations out of 1000 (max. 500000)
 13 words of extra memory for PDF output out of 10000 (max. 10000000)

